<?xml version="1.0" encoding="utf-8"?><testsuites name="pytest tests"><testsuite name="pytest" errors="0" failures="0" skipped="0" tests="13" time="28.025" timestamp="2026-09-20T02:01:42.472495+00:00" hostname="agent-env-fc799c58-b84d-4d95-bc96-aedd07b14358"><testcase classname="tests.test_email_and_location.TestNewFeatures" name="test_01_location_unauth_401" time="2.894" /><testcase classname="tests.test_email_and_location.TestNewFeatures" name="test_02_location_customer_403" time="0.458" /><testcase classname="tests.test_email_and_location.TestNewFeatures" name="test_03_location_other_courier_403" time="0.125" /><testcase classname="tests.test_email_and_location.TestNewFeatures" name="test_04_location_assigned_courier_success" time="0.246" /><testcase classname="tests.test_email_and_location.TestNewFeatures" name="test_05_track_shows_location_when_out_for_delivery" time="0.121" /><testcase classname="tests.test_email_and_location.TestNewFeatures" name="test_06_track_hides_location_when_delivered" time="0.271" /><testcase classname="tests.test_email_and_location.TestNewFeatures" name="test_07_track_hides_location_when_in_transit" time="0.832" /><testcase classname="tests.test_email_and_location.TestNewFeatures" name="test_08_status_emails_logged_ok" time="10.318" /><testcase classname="tests.test_email_and_location.TestNewFeatures" name="test_09_no_email_for_order_created_in_transit_attempt_failed" time="0.878" /><testcase classname="tests.test_email_and_location.TestNewFeatures" name="test_10_no_email_without_customer_email" time="0.968" /><testcase classname="tests.test_email_and_location.TestNewFeatures" name="test_11_prepaid_unpaid_rejected" time="0.454" /><testcase classname="tests.test_email_and_location.TestNewFeatures" name="test_12_cod_moves_without_payment" time="0.404" /><testcase classname="tests.test_email_and_location.TestNewFeatures" name="test_13_delivery_proof_and_delivered_email" time="8.892" /></testsuite></testsuites>