<?xml version="1.0" encoding="utf-8"?><testsuites name="pytest tests"><testsuite name="pytest" errors="0" failures="0" skipped="0" tests="25" time="7.012" timestamp="2026-09-20T01:42:39.893187+00:00" hostname="agent-env-fc799c58-b84d-4d95-bc96-aedd07b14358"><testcase classname="tests.backend_test.TestAuth" name="test_admin_login" time="0.497" /><testcase classname="tests.backend_test.TestAuth" name="test_me_endpoint" time="0.160" /><testcase classname="tests.backend_test.TestAuth" name="test_login_invalid" time="0.341" /><testcase classname="tests.backend_test.TestShipmentFlow" name="test_create_shipment_prepaid" time="1.193" /><testcase classname="tests.backend_test.TestShipmentFlow" name="test_create_shipment_cod" time="0.119" /><testcase classname="tests.backend_test.TestShipmentFlow" name="test_order_created_event_exists" time="0.147" /><testcase classname="tests.backend_test.TestShipmentFlow" name="test_create_courier_via_admin" time="0.000" /><testcase classname="tests.backend_test.TestShipmentFlow" name="test_create_vehicle_and_assign" time="0.507" /><testcase classname="tests.backend_test.TestShipmentFlow" name="test_status_rejected_when_unpaid_prepaid" time="0.133" /><testcase classname="tests.backend_test.TestShipmentFlow" name="test_mark_paid_then_advance" time="0.279" /><testcase classname="tests.backend_test.TestShipmentFlow" name="test_cod_can_move_without_paid" time="0.135" /><testcase classname="tests.backend_test.TestCourier" name="test_courier_sees_jobs" time="0.135" /><testcase classname="tests.backend_test.TestCourier" name="test_courier_advances_and_submits_proof" time="0.545" /><testcase classname="tests.backend_test.TestCourier" name="test_cod_collect" time="0.129" /><testcase classname="tests.backend_test.TestNotifications" name="test_admin_notifications" time="0.128" /><testcase classname="tests.backend_test.TestNotifications" name="test_customer_notifications" time="0.139" /><testcase classname="tests.backend_test.TestPublicTracking" name="test_valid_tracking" time="0.116" /><testcase classname="tests.backend_test.TestPublicTracking" name="test_invalid_tracking" time="0.144" /><testcase classname="tests.backend_test.TestQuotes" name="test_public_quote_and_admin_price" time="0.415" /><testcase classname="tests.backend_test.TestCustomerPortal" name="test_my_shipments" time="0.113" /><testcase classname="tests.backend_test.TestCustomerPortal" name="test_customer_cannot_see_other_shipment" time="0.491" /><testcase classname="tests.backend_test.TestCustomerPortal" name="test_customer_forbidden_admin_endpoints" time="0.306" /><testcase classname="tests.backend_test.TestSupport" name="test_ticket_flow" time="0.478" /><testcase classname="tests.backend_test.TestAdminOps" name="test_audit_log" time="0.116" /><testcase classname="tests.backend_test.TestAdminOps" name="test_analytics" time="0.148" /></testsuite></testsuites>